<?xml version="1.0" encoding="UTF-8"?>
<!-- Generated by org.testng.reporters.JUnitReportReporter -->
<testsuite hostname="LAPTOP-LOHRSJF2" failures="0" tests="1" name="com.gmaild.GmailInvalidCredTest" time="4.595" errors="0" timestamp="15 Mar 2022 20:19:30 GMT">
  <testcase classname="com.gmaild.GmailInvalidCredTest" name="InvalidLogin" time="4.595"/>
</testsuite> <!-- com.gmaild.GmailInvalidCredTest -->
