<?xml version="1.0" encoding="UTF-8"?>
<!-- Generated by org.testng.reporters.JUnitReportReporter -->
<testsuite hostname="LAPTOP-LOHRSJF2" failures="0" tests="1" name="guru.Guru99" time="7.907" errors="0" timestamp="18 Mar 2022 09:08:20 GMT">
  <testcase classname="guru.Guru99" name="guru" time="7.907"/>
</testsuite> <!-- guru.Guru99 -->
