<?xml version="1.0" encoding="UTF-8"?>
<!-- Generated by org.testng.reporters.JUnitReportReporter -->
<testsuite hostname="LAPTOP-LOHRSJF2" failures="0" tests="2" name="com.gmaild.GmailloginTest" time="36.690" errors="0" timestamp="15 Mar 2022 20:28:49 GMT">
  <testcase classname="com.gmaild.GmailloginTest" name="aValidLogin" time="21.126"/>
  <testcase classname="com.gmaild.GmailloginTest" name="InvalidLogin" time="15.564"/>
</testsuite> <!-- com.gmaild.GmailloginTest -->
