<?xml version="1.0" encoding="UTF-8"?>
<!-- Generated by org.testng.reporters.JUnitReportReporter -->
<testsuite hostname="LAPTOP-LOHRSJF2" failures="0" tests="1" name="guru.Amazon" time="4.509" errors="0" timestamp="17 Mar 2022 11:22:24 GMT">
  <testcase classname="guru.Amazon" name="Search" time="4.509"/>
</testsuite> <!-- guru.Amazon -->
